  main.cpp
D:\cpp_ws\CTSP_GA\main.cpp(130,57): warning C4267: “参数”: 从“size_t”转换到“int”，可能丢失数据
D:\cpp_ws\CTSP_GA\main.cpp(160,61): warning C4244: “=”: 从“__int64”转换到“_Ty”，可能丢失数据
          with
          [
              _Ty=int
          ]
D:\cpp_ws\CTSP_GA\main.cpp(277,36): warning C4267: “参数”: 从“size_t”转换到“int”，可能丢失数据
D:\cpp_ws\CTSP_GA\main.cpp(312,36): warning C4267: “参数”: 从“size_t”转换到“int”，可能丢失数据
D:\cpp_ws\CTSP_GA\main.cpp(316,22): warning C4244: “初始化”: 从“double”转换到“int”，可能丢失数据
D:\cpp_ws\CTSP_GA\main.cpp(355,52): warning C4267: “参数”: 从“size_t”转换到“int”，可能丢失数据
D:\cpp_ws\CTSP_GA\main.cpp(356,68): warning C4267: “参数”: 从“size_t”转换到“int”，可能丢失数据
D:\cpp_ws\CTSP_GA\main.cpp(364,97): warning C4267: “参数”: 从“size_t”转换到“int”，可能丢失数据
D:\cpp_ws\CTSP_GA\main.cpp(370,97): warning C4267: “参数”: 从“size_t”转换到“int”，可能丢失数据
D:\cpp_ws\CTSP_GA\main.cpp(379,73): warning C4244: “=”: 从“__int64”转换到“_Ty”，可能丢失数据
          with
          [
              _Ty=int
          ]
D:\cpp_ws\CTSP_GA\main.cpp(403,44): warning C4267: “参数”: 从“size_t”转换到“int”，可能丢失数据
D:\cpp_ws\CTSP_GA\main.cpp(404,56): warning C4267: “参数”: 从“size_t”转换到“int”，可能丢失数据
D:\cpp_ws\CTSP_GA\main.cpp(414,21): warning C4244: “=”: 从“__int64”转换到“int”，可能丢失数据
D:\cpp_ws\CTSP_GA\main.cpp(415,21): warning C4244: “=”: 从“__int64”转换到“int”，可能丢失数据
D:\cpp_ws\CTSP_GA\main.cpp(421,21): warning C4244: “=”: 从“__int64”转换到“int”，可能丢失数据
D:\cpp_ws\CTSP_GA\main.cpp(422,21): warning C4244: “=”: 从“__int64”转换到“int”，可能丢失数据
  Project1.vcxproj -> D:\cpp_ws\CTSP_GA\x64\Debug\Project1.exe
